0 info it worked if it ends with ok
1 verbose cli [ 'node', '/usr/local/bin/npm', 'run', 'build:css' ]
2 info using npm@2.11.2
3 info using node@v0.12.5
4 verbose run-script [ 'prebuild:css', 'build:css', 'postbuild:css' ]
5 info prebuild:css @
6 info build:css @
7 verbose unsafe-perm in lifecycle true
8 info @ Failed to exec build:css script
9 verbose stack Error: @ build:css: `postcss --use postcss-import --use postcss-mixins --use postcss-simple-vars --use postcss-calc --use postcss-nested --use postcss-conditionals --use postcss-for --use postcss-each --use postcss-simple-extend --use autoprefixer --use csswring -o ./dist/style.css scss/style.scss;`
9 verbose stack Exit status 1
9 verbose stack     at EventEmitter.<anonymous> (/usr/local/lib/node_modules/npm/lib/utils/lifecycle.js:213:16)
9 verbose stack     at EventEmitter.emit (events.js:110:17)
9 verbose stack     at ChildProcess.<anonymous> (/usr/local/lib/node_modules/npm/lib/utils/spawn.js:24:14)
9 verbose stack     at ChildProcess.emit (events.js:110:17)
9 verbose stack     at maybeClose (child_process.js:1015:16)
9 verbose stack     at Process.ChildProcess._handle.onexit (child_process.js:1087:5)
10 verbose pkgid @
11 verbose cwd /Users/michaelzhangcheng/Downloads/PartingGlass
12 error Darwin 14.3.0
13 error argv "node" "/usr/local/bin/npm" "run" "build:css"
14 error node v0.12.5
15 error npm  v2.11.2
16 error code ELIFECYCLE
17 error @ build:css: `postcss --use postcss-import --use postcss-mixins --use postcss-simple-vars --use postcss-calc --use postcss-nested --use postcss-conditionals --use postcss-for --use postcss-each --use postcss-simple-extend --use autoprefixer --use csswring -o ./dist/style.css scss/style.scss;`
17 error Exit status 1
18 error Failed at the @ build:css script 'postcss --use postcss-import --use postcss-mixins --use postcss-simple-vars --use postcss-calc --use postcss-nested --use postcss-conditionals --use postcss-for --use postcss-each --use postcss-simple-extend --use autoprefixer --use csswring -o ./dist/style.css scss/style.scss;'.
18 error This is most likely a problem with the  package,
18 error not with npm itself.
18 error Tell the author that this fails on your system:
18 error     postcss --use postcss-import --use postcss-mixins --use postcss-simple-vars --use postcss-calc --use postcss-nested --use postcss-conditionals --use postcss-for --use postcss-each --use postcss-simple-extend --use autoprefixer --use csswring -o ./dist/style.css scss/style.scss;
18 error You can get their info via:
18 error     npm owner ls
18 error There is likely additional logging output above.
19 verbose exit [ 1, true ]
